--2020-11-10 18:43:42--  https://buildbackbetter.com/the-transition/agency-review-teams/
Resolving buildbackbetter.com (buildbackbetter.com)... 66.6.45.1
Connecting to buildbackbetter.com (buildbackbetter.com)|66.6.45.1|:443... connected.
HTTP request sent, awaiting response... 200 OK
Length: 226655 (221K) [text/html]
Saving to: ‘./docs/index.html’

     0K .......... .......... .......... .......... .......... 22% 3.22M 0s
    50K .......... .......... .......... .......... .......... 45% 3.11M 0s
   100K .......... .......... .......... .......... .......... 67% 5.22M 0s
   150K .......... .......... .......... .......... .......... 90% 6.43M 0s
   200K .......... .......... .                               100% 21.8M=0.05s

Last-modified header missing -- time-stamps turned off.
2020-11-10 18:43:42 (4.43 MB/s) - ‘./docs/index.html’ saved [226655/226655]

Loading robots.txt; please ignore errors.
--2020-11-10 18:43:42--  https://buildbackbetter.com/robots.txt
Reusing existing connection to buildbackbetter.com:443.
HTTP request sent, awaiting response... 200 OK
Length: 67 [text/plain]
Saving to: ‘./docs/robots.txt’

     0K                                                       100% 3.76M=0s

2020-11-10 18:43:42 (3.76 MB/s) - ‘./docs/robots.txt’ saved [67/67]

--2020-11-10 18:43:42--  https://buildbackbetter.com/_static/??/wp-content/themes/transition/assets/css/style.min.css,/wp-content/mu-plugins/jetpack-9.0/css/jetpack.css?m=1604962559
Reusing existing connection to buildbackbetter.com:443.
HTTP request sent, awaiting response... 200 OK
Length: 250928 (245K) [text/css]
Saving to: ‘./docs/index.html??%2Fwp-content%2Fthemes%2Ftransition%2Fassets%2Fcss%2Fstyle.min.css,%2Fwp-content%2Fmu-plugins%2Fjetpack-9.0%2Fcss%2Fjetpack.css?m=1604962559.css’

     0K .......... .......... .......... .......... .......... 20% 12.7M 0s
    50K .......... .......... .......... .......... .......... 40% 16.2M 0s
   100K .......... .......... .......... .......... .......... 61% 5.58M 0s
   150K .......... .......... .......... .......... .......... 81% 6.81M 0s
   200K .......... .......... .......... .......... .....     100% 39.2M=0.02s

2020-11-10 18:43:42 (10.0 MB/s) - ‘./docs/index.html??%2Fwp-content%2Fthemes%2Ftransition%2Fassets%2Fcss%2Fstyle.min.css,%2Fwp-content%2Fmu-plugins%2Fjetpack-9.0%2Fcss%2Fjetpack.css?m=1604962559.css’ saved [250928/250928]

--2020-11-10 18:43:42--  https://buildbackbetter.com/_static/??/wp-includes/css/dashicons.min.css,/wp-content/plugins/ninja-forms/assets/css/display-structure.css?m=1604341762
Reusing existing connection to buildbackbetter.com:443.
HTTP request sent, awaiting response... 200 OK
Length: 76095 (74K) [text/css]
Saving to: ‘./docs/index.html??%2Fwp-includes%2Fcss%2Fdashicons.min.css,%2Fwp-content%2Fplugins%2Fninja-forms%2Fassets%2Fcss%2Fdisplay-structure.css?m=1604341762.css’

     0K .......... .......... .......... .......... .......... 67% 58.7M 0s
    50K .......... .......... ....                            100%  139M=0.001s

2020-11-10 18:43:42 (72.4 MB/s) - ‘./docs/index.html??%2Fwp-includes%2Fcss%2Fdashicons.min.css,%2Fwp-content%2Fplugins%2Fninja-forms%2Fassets%2Fcss%2Fdisplay-structure.css?m=1604341762.css’ saved [76095/76095]

The name is too long, 247 chars total.
Trying to shorten...
New name is index.html??-eJylj0EOgkAMRS%2FkUDVCwsJ4B28wQJGOTAfbQaOnd4KasGChcdXNez+vcBtMHTgiR4gdelSIYlkpUmCwqhgVnMIVuQmimSfOnK7gS41asR6PqPRA+VX2VuPv1qsUtLOCGU28fnziuh8bnDh3GVHu77MEjNygaB3SzCxhTlS2PleBcSlx6McTsQITO2vaIF7nrxFDKwk1qdY0OOgfflIPfr8p1ruy2.
--2020-11-10 18:43:42--  https://buildbackbetter.com/_static/??-eJylj0EOgkAMRS/kUDVCwsJ4B28wQJGOTAfbQaOnd4KasGChcdXNez+vcBtMHTgiR4gdelSIYlkpUmCwqhgVnMIVuQmimSfOnK7gS41asR6PqPRA+VX2VuPv1qsUtLOCGU28fnziuh8bnDh3GVHu77MEjNygaB3SzCxhTlS2PleBcSlx6McTsQITO2vaIF7nrxFDKwk1qdY0OOgfflIPfr8p1ruy2OZ56Z5GSrAk
Reusing existing connection to buildbackbetter.com:443.
HTTP request sent, awaiting response... 200 OK
Length: 408508 (399K) [application/x-javascript]
Saving to: ‘./docs/index.html??-eJylj0EOgkAMRS%2FkUDVCwsJ4B28wQJGOTAfbQaOnd4KasGChcdXNez+vcBtMHTgiR4gdelSIYlkpUmCwqhgVnMIVuQmimSfOnK7gS41asR6PqPRA+VX2VuPv1qsUtLOCGU28fnziuh8bnDh3GVHu77MEjNygaB3SzCxhTlS2PleBcSlx6McTsQITO2vaIF7nrxFDKwk1qdY0OOgfflIPfr8p1ruy2’

     0K .......... .......... .......... .......... .......... 12% 26.7M 0s
    50K .......... .......... .......... .......... .......... 25% 27.3M 0s
   100K .......... .......... .......... .......... .......... 37% 35.4M 0s
   150K .......... .......... .......... .......... .......... 50% 4.65M 0s
   200K .......... .......... .......... .......... .......... 62% 6.78M 0s
   250K .......... .......... .......... .......... .......... 75% 20.4M 0s
   300K .......... .......... .......... .......... .......... 87% 16.9M 0s
   350K .......... .......... .......... .......... ........  100% 30.9M=0.03s

2020-11-10 18:43:42 (13.2 MB/s) - ‘./docs/index.html??-eJylj0EOgkAMRS%2FkUDVCwsJ4B28wQJGOTAfbQaOnd4KasGChcdXNez+vcBtMHTgiR4gdelSIYlkpUmCwqhgVnMIVuQmimSfOnK7gS41asR6PqPRA+VX2VuPv1qsUtLOCGU28fnziuh8bnDh3GVHu77MEjNygaB3SzCxhTlS2PleBcSlx6McTsQITO2vaIF7nrxFDKwk1qdY0OOgfflIPfr8p1ruy2’ saved [408508/408508]

--2020-11-10 18:43:42--  https://buildbackbetter.com/wp-content/themes/transition/assets/fonts/MercurySSm-Medium-Pro_Web.svg
Reusing existing connection to buildbackbetter.com:443.
HTTP request sent, awaiting response... 200 OK
Length: 558171 (545K) [image/svg+xml]
Saving to: ‘./docs/MercurySSm-Medium-Pro_Web.svg’

     0K .......... .......... .......... .......... ..........  9% 23.0M 0s
    50K .......... .......... .......... .......... .......... 18% 14.6M 0s
   100K .......... .......... .......... .......... .......... 27% 74.7M 0s
   150K .......... .......... .......... .......... .......... 36% 27.3M 0s
   200K .......... .......... .......... .......... .......... 45% 16.5M 0s
   250K .......... .......... .......... .......... .......... 55% 27.8M 0s
   300K .......... .......... .......... .......... .......... 64% 9.24M 0s
   350K .......... .......... .......... .......... .......... 73% 9.46M 0s
   400K .......... .......... .......... .......... .......... 82% 23.4M 0s
   450K .......... .......... .......... .......... .......... 91% 27.0M 0s
   500K .......... .......... .......... .......... .....     100% 56.7M=0.03s

2020-11-10 18:43:42 (19.2 MB/s) - ‘./docs/MercurySSm-Medium-Pro_Web.svg’ saved [558171/558171]

--2020-11-10 18:43:42--  https://buildbackbetter.com/wp-content/themes/transition/assets/fonts/MercurySSm-Medium-Pro_Web.woff
Reusing existing connection to buildbackbetter.com:443.
HTTP request sent, awaiting response... 200 OK
Length: 84603 (83K) [application/font-woff]
Saving to: ‘./docs/MercurySSm-Medium-Pro_Web.woff’

     0K .......... .......... .......... .......... .......... 60% 70.4M 0s
    50K .......... .......... .......... ..                   100% 46.8M=0.001s

2020-11-10 18:43:42 (58.7 MB/s) - ‘./docs/MercurySSm-Medium-Pro_Web.woff’ saved [84603/84603]

--2020-11-10 18:43:42--  https://buildbackbetter.com/wp-content/themes/transition/assets/fonts/MercurySSm-Medium-Pro_Web.woff2
Reusing existing connection to buildbackbetter.com:443.
HTTP request sent, awaiting response... 200 OK
Length: 65386 (64K) [application/font-woff2]
Saving to: ‘./docs/MercurySSm-Medium-Pro_Web.woff2’

     0K .......... .......... .......... .......... .......... 78% 16.2M 0s
    50K .......... ...                                        100% 98.0M=0.003s

2020-11-10 18:43:42 (19.7 MB/s) - ‘./docs/MercurySSm-Medium-Pro_Web.woff2’ saved [65386/65386]

--2020-11-10 18:43:42--  https://buildbackbetter.com/wp-content/themes/transition/assets/fonts/MercurySSm-MediumItalic-Pro_Web.svg
Reusing existing connection to buildbackbetter.com:443.
HTTP request sent, awaiting response... 200 OK
Length: 438124 (428K) [image/svg+xml]
Saving to: ‘./docs/MercurySSm-MediumItalic-Pro_Web.svg’

     0K .......... .......... .......... .......... .......... 11% 47.5M 0s
    50K .......... .......... .......... .......... .......... 23% 24.5M 0s
   100K .......... .......... .......... .......... .......... 35% 27.0M 0s
   150K .......... .......... .......... .......... .......... 46% 38.9M 0s
   200K .......... .......... .......... .......... .......... 58% 24.6M 0s
   250K .......... .......... .......... .......... .......... 70% 23.2M 0s
   300K .......... .......... .......... .......... .......... 81% 3.52M 0s
   350K .......... .......... .......... .......... .......... 93% 11.8M 0s
   400K .......... .......... .......                         100% 92.2M=0.03s

2020-11-10 18:43:42 (14.7 MB/s) - ‘./docs/MercurySSm-MediumItalic-Pro_Web.svg’ saved [438124/438124]

--2020-11-10 18:43:42--  https://buildbackbetter.com/wp-content/themes/transition/assets/fonts/MercurySSm-MediumItalic-Pro_Web.woff
Reusing existing connection to buildbackbetter.com:443.
HTTP request sent, awaiting response... 200 OK
Length: 68171 (67K) [application/font-woff]
Saving to: ‘./docs/MercurySSm-MediumItalic-Pro_Web.woff’

     0K .......... .......... .......... .......... .......... 75% 16.6M 0s
    50K .......... ......                                     100%  118M=0.003s

2020-11-10 18:43:42 (21.1 MB/s) - ‘./docs/MercurySSm-MediumItalic-Pro_Web.woff’ saved [68171/68171]

--2020-11-10 18:43:42--  https://buildbackbetter.com/wp-content/themes/transition/assets/fonts/MercurySSm-MediumItalic-Pro_Web.woff2
Reusing existing connection to buildbackbetter.com:443.
HTTP request sent, awaiting response... 200 OK
Length: 53230 (52K) [application/font-woff2]
Saving to: ‘./docs/MercurySSm-MediumItalic-Pro_Web.woff2’

     0K .......... .......... .......... .......... .......... 96% 36.1M 0s
    50K .                                                     100% 39.6K=0.001s

2020-11-10 18:43:42 (37.5 MB/s) - ‘./docs/MercurySSm-MediumItalic-Pro_Web.woff2’ saved [53230/53230]

--2020-11-10 18:43:42--  https://buildbackbetter.com/wp-content/themes/transition/assets/fonts/MercurySSm-Book-Pro_Web.svg
Reusing existing connection to buildbackbetter.com:443.
HTTP request sent, awaiting response... 200 OK
Length: 560944 (548K) [image/svg+xml]
Saving to: ‘./docs/MercurySSm-Book-Pro_Web.svg’

     0K .......... .......... .......... .......... ..........  9% 42.3M 0s
    50K .......... .......... .......... .......... .......... 18% 29.0M 0s
   100K .......... .......... .......... .......... .......... 27% 27.2M 0s
   150K .......... .......... .......... .......... .......... 36% 24.0M 0s
   200K .......... .......... .......... .......... .......... 45% 42.1M 0s
   250K .......... .......... .......... .......... .......... 54% 15.5M 0s
   300K .......... .......... .......... .......... .......... 63% 4.98M 0s
   350K .......... .......... .......... .......... .......... 73% 16.0M 0s
   400K .......... .......... .......... .......... .......... 82% 46.8M 0s
   450K .......... .......... .......... .......... .......... 91% 26.1M 0s
   500K .......... .......... .......... .......... .......   100% 21.2M=0.03s

2020-11-10 18:43:42 (18.5 MB/s) - ‘./docs/MercurySSm-Book-Pro_Web.svg’ saved [560944/560944]

--2020-11-10 18:43:42--  https://buildbackbetter.com/wp-content/themes/transition/assets/fonts/MercurySSm-Book-Pro_Web.woff
Reusing existing connection to buildbackbetter.com:443.
HTTP request sent, awaiting response... 200 OK
Length: 85423 (83K) [application/font-woff]
Saving to: ‘./docs/MercurySSm-Book-Pro_Web.woff’

     0K .......... .......... .......... .......... .......... 59% 28.6M 0s
    50K .......... .......... .......... ...                  100% 50.4M=0.002s

2020-11-10 18:43:42 (34.6 MB/s) - ‘./docs/MercurySSm-Book-Pro_Web.woff’ saved [85423/85423]

--2020-11-10 18:43:42--  https://buildbackbetter.com/wp-content/themes/transition/assets/fonts/MercurySSm-Book-Pro_Web.woff2
Reusing existing connection to buildbackbetter.com:443.
HTTP request sent, awaiting response... 200 OK
Length: 65958 (64K) [application/font-woff2]
Saving to: ‘./docs/MercurySSm-Book-Pro_Web.woff2’

     0K .......... .......... .......... .......... .......... 77% 16.2M 0s
    50K .......... ....                                       100%  108M=0.003s

2020-11-10 18:43:43 (20.0 MB/s) - ‘./docs/MercurySSm-Book-Pro_Web.woff2’ saved [65958/65958]

--2020-11-10 18:43:43--  https://buildbackbetter.com/wp-content/themes/transition/assets/fonts/MercurySSm-BookItalic.svg
Reusing existing connection to buildbackbetter.com:443.
HTTP request sent, awaiting response... 200 OK
Length: 404318 (395K) [image/svg+xml]
Saving to: ‘./docs/MercurySSm-BookItalic.svg’

     0K .......... .......... .......... .......... .......... 12% 18.7M 0s
    50K .......... .......... .......... .......... .......... 25% 35.0M 0s
   100K .......... .......... .......... .......... .......... 37% 19.0M 0s
   150K .......... .......... .......... .......... .......... 50% 24.6M 0s
   200K .......... .......... .......... .......... .......... 63% 21.7M 0s
   250K .......... .......... .......... .......... .......... 75% 20.5M 0s
   300K .......... .......... .......... .......... .......... 88% 13.5M 0s
   350K .......... .......... .......... .......... ....      100% 22.7M=0.02s

2020-11-10 18:43:43 (20.6 MB/s) - ‘./docs/MercurySSm-BookItalic.svg’ saved [404318/404318]

--2020-11-10 18:43:43--  https://buildbackbetter.com/wp-content/themes/transition/assets/fonts/MercurySSm-BookItalic.woff
Reusing existing connection to buildbackbetter.com:443.
HTTP request sent, awaiting response... 200 OK
Length: 44832 (44K) [application/font-woff]
Saving to: ‘./docs/MercurySSm-BookItalic.woff’

     0K .......... .......... .......... .......... ...       100% 30.8M=0.001s

2020-11-10 18:43:43 (30.8 MB/s) - ‘./docs/MercurySSm-BookItalic.woff’ saved [44832/44832]

--2020-11-10 18:43:43--  https://buildbackbetter.com/wp-content/themes/transition/assets/fonts/MercurySSm-BookItalic.woff2
Reusing existing connection to buildbackbetter.com:443.
HTTP request sent, awaiting response... 200 OK
Length: 28572 (28K) [application/font-woff2]
Saving to: ‘./docs/MercurySSm-BookItalic.woff2’

     0K .......... .......... .......                         100%  105M=0s

2020-11-10 18:43:43 (105 MB/s) - ‘./docs/MercurySSm-BookItalic.woff2’ saved [28572/28572]

--2020-11-10 18:43:43--  https://buildbackbetter.com/wp-content/themes/transition/assets/fonts/MercurySSm-Bold-Pro_Web.svg
Reusing existing connection to buildbackbetter.com:443.
HTTP request sent, awaiting response... 200 OK
Length: 559226 (546K) [image/svg+xml]
Saving to: ‘./docs/MercurySSm-Bold-Pro_Web.svg’

     0K .......... .......... .......... .......... ..........  9% 26.1M 0s
    50K .......... .......... .......... .......... .......... 18% 18.4M 0s
   100K .......... .......... .......... .......... .......... 27% 31.6M 0s
   150K .......... .......... .......... .......... .......... 36% 19.1M 0s
   200K .......... .......... .......... .......... .......... 45% 5.63M 0s
   250K .......... .......... .......... .......... .......... 54% 49.8M 0s
   300K .......... .......... .......... .......... .......... 64% 14.9M 0s
   350K .......... .......... .......... .......... .......... 73% 23.8M 0s
   400K .......... .......... .......... .......... .......... 82% 26.5M 0s
   450K .......... .......... .......... .......... .......... 91% 30.4M 0s
   500K .......... .......... .......... .......... ......    100% 31.3M=0.03s

2020-11-10 18:43:43 (18.7 MB/s) - ‘./docs/MercurySSm-Bold-Pro_Web.svg’ saved [559226/559226]

--2020-11-10 18:43:43--  https://buildbackbetter.com/wp-content/themes/transition/assets/fonts/MercurySSm-Bold-Pro_Web.woff
Reusing existing connection to buildbackbetter.com:443.
HTTP request sent, awaiting response... 200 OK
Length: 81863 (80K) [application/font-woff]
Saving to: ‘./docs/MercurySSm-Bold-Pro_Web.woff’

     0K .......... .......... .......... .......... .......... 62% 26.7M 0s
    50K .......... .......... .........                       100% 12.4M=0.004s

2020-11-10 18:43:43 (18.7 MB/s) - ‘./docs/MercurySSm-Bold-Pro_Web.woff’ saved [81863/81863]

--2020-11-10 18:43:43--  https://buildbackbetter.com/wp-content/themes/transition/assets/fonts/MercurySSm-Bold-Pro_Web.woff2
Reusing existing connection to buildbackbetter.com:443.
HTTP request sent, awaiting response... 200 OK
Length: 63394 (62K) [application/font-woff2]
Saving to: ‘./docs/MercurySSm-Bold-Pro_Web.woff2’

     0K .......... .......... .......... .......... .......... 80% 21.3M 0s
    50K .......... .                                          100%  201M=0.002s

2020-11-10 18:43:43 (25.8 MB/s) - ‘./docs/MercurySSm-Bold-Pro_Web.woff2’ saved [63394/63394]

--2020-11-10 18:43:43--  https://buildbackbetter.com/wp-content/themes/transition/assets/fonts/MercurySSm-BoldItalic-Pro_Web.svg
Reusing existing connection to buildbackbetter.com:443.
HTTP request sent, awaiting response... 200 OK
Length: 442338 (432K) [image/svg+xml]
Saving to: ‘./docs/MercurySSm-BoldItalic-Pro_Web.svg’

     0K .......... .......... .......... .......... .......... 11% 28.6M 0s
    50K .......... .......... .......... .......... .......... 23% 72.7M 0s
   100K .......... .......... .......... .......... .......... 34% 19.5M 0s
   150K .......... .......... .......... .......... .......... 46% 54.0M 0s
   200K .......... .......... .......... .......... .......... 57% 14.1M 0s
   250K .......... .......... .......... .......... .......... 69% 71.7M 0s
   300K .......... .......... .......... .......... .......... 81% 4.37M 0s
   350K .......... .......... .......... .......... .......... 92% 17.7M 0s
   400K .......... .......... .......... .                    100%  158M=0.02s

2020-11-10 18:43:43 (17.5 MB/s) - ‘./docs/MercurySSm-BoldItalic-Pro_Web.svg’ saved [442338/442338]

--2020-11-10 18:43:43--  https://buildbackbetter.com/wp-content/themes/transition/assets/fonts/MercurySSm-BoldItalic-Pro_Web.woff
Reusing existing connection to buildbackbetter.com:443.
HTTP request sent, awaiting response... 200 OK
Length: 68851 (67K) [application/font-woff]
Saving to: ‘./docs/MercurySSm-BoldItalic-Pro_Web.woff’

     0K .......... .......... .......... .......... .......... 74% 45.9M 0s
    50K .......... .......                                    100%  115M=0.001s

2020-11-10 18:43:43 (54.3 MB/s) - ‘./docs/MercurySSm-BoldItalic-Pro_Web.woff’ saved [68851/68851]

--2020-11-10 18:43:43--  https://buildbackbetter.com/wp-content/themes/transition/assets/fonts/MercurySSm-BoldItalic-Pro_Web.woff2
Reusing existing connection to buildbackbetter.com:443.
HTTP request sent, awaiting response... 200 OK
Length: 53834 (53K) [application/font-woff2]
Saving to: ‘./docs/MercurySSm-BoldItalic-Pro_Web.woff2’

     0K .......... .......... .......... .......... .......... 95% 33.9M 0s
    50K ..                                                    100% 51.4K=0.001s

2020-11-10 18:43:43 (35.7 MB/s) - ‘./docs/MercurySSm-BoldItalic-Pro_Web.woff2’ saved [53834/53834]

--2020-11-10 18:43:43--  https://buildbackbetter.com/wp-content/themes/transition/assets/fonts/Decimal-Book.svg
Reusing existing connection to buildbackbetter.com:443.
HTTP request sent, awaiting response... 200 OK
Length: 941548 (919K) [image/svg+xml]
Saving to: ‘./docs/Decimal-Book.svg’

     0K .......... .......... .......... .......... ..........  5% 26.8M 0s
    50K .......... .......... .......... .......... .......... 10% 29.9M 0s
   100K .......... .......... .......... .......... .......... 16% 24.2M 0s
   150K .......... .......... .......... .......... .......... 21% 36.6M 0s
   200K .......... .......... .......... .......... .......... 27% 26.3M 0s
   250K .......... .......... .......... .......... .......... 32% 28.5M 0s
   300K .......... .......... .......... .......... .......... 38% 7.83M 0s
   350K .......... .......... .......... .......... .......... 43% 23.4M 0s
   400K .......... .......... .......... .......... .......... 48% 25.8M 0s
   450K .......... .......... .......... .......... .......... 54% 25.6M 0s
   500K .......... .......... .......... .......... .......... 59% 23.0M 0s
   550K .......... .......... .......... .......... .......... 65% 25.6M 0s
   600K .......... .......... .......... .......... .......... 70% 23.3M 0s
   650K .......... .......... .......... .......... .......... 76% 18.7M 0s
   700K .......... .......... .......... .......... .......... 81% 36.0M 0s
   750K .......... .......... .......... .......... .......... 87% 51.7M 0s
   800K .......... .......... .......... .......... .......... 92% 15.1M 0s
   850K .......... .......... .......... .......... .......... 97% 7.83M 0s
   900K .......... .........                                  100%  207M=0.04s

2020-11-10 18:43:43 (20.8 MB/s) - ‘./docs/Decimal-Book.svg’ saved [941548/941548]

--2020-11-10 18:43:43--  https://buildbackbetter.com/wp-content/themes/transition/assets/fonts/Decimal-Book.woff
Reusing existing connection to buildbackbetter.com:443.
HTTP request sent, awaiting response... 200 OK
Length: 60948 (60K) [application/font-woff]
Saving to: ‘./docs/Decimal-Book.woff’

     0K .......... .......... .......... .......... .......... 84% 34.6M 0s
    50K .........                                             100%  155M=0.001s

2020-11-10 18:43:43 (39.5 MB/s) - ‘./docs/Decimal-Book.woff’ saved [60948/60948]

--2020-11-10 18:43:43--  https://buildbackbetter.com/wp-content/themes/transition/assets/fonts/Decimal-Book.woff2
Reusing existing connection to buildbackbetter.com:443.
HTTP request sent, awaiting response... 200 OK
Length: 43364 (42K) [application/font-woff2]
Saving to: ‘./docs/Decimal-Book.woff2’

     0K .......... .......... .......... .......... ..        100% 85.4M=0s

2020-11-10 18:43:43 (85.4 MB/s) - ‘./docs/Decimal-Book.woff2’ saved [43364/43364]

--2020-11-10 18:43:43--  https://buildbackbetter.com/wp-content/themes/transition/assets/fonts/Decimal-BookItalic.svg
Reusing existing connection to buildbackbetter.com:443.
HTTP request sent, awaiting response... 200 OK
Length: 964579 (942K) [image/svg+xml]
Saving to: ‘./docs/Decimal-BookItalic.svg’

     0K .......... .......... .......... .......... ..........  5% 46.3M 0s
    50K .......... .......... .......... .......... .......... 10% 22.4M 0s
   100K .......... .......... .......... .......... .......... 15% 25.4M 0s
   150K .......... .......... .......... .......... .......... 21% 28.7M 0s
   200K .......... .......... .......... .......... .......... 26% 43.2M 0s
   250K .......... .......... .......... .......... .......... 31% 39.4M 0s
   300K .......... .......... .......... .......... .......... 37% 5.10M 0s
   350K .......... .......... .......... .......... .......... 42% 15.1M 0s
   400K .......... .......... .......... .......... .......... 47% 46.1M 0s
   450K .......... .......... .......... .......... .......... 53% 16.9M 0s
   500K .......... .......... .......... .......... .......... 58% 41.9M 0s
   550K .......... .......... .......... .......... .......... 63% 40.8M 0s
   600K .......... .......... .......... .......... .......... 69% 16.2M 0s
   650K .......... .......... .......... .......... .......... 74% 48.6M 0s
   700K .......... .......... .......... .......... .......... 79% 46.2M 0s
   750K .......... .......... .......... .......... .......... 84% 27.7M 0s
   800K .......... .......... .......... .......... .......... 90% 13.2M 0s
   850K .......... .......... .......... .......... .......... 95% 49.7M 0s
   900K .......... .......... .......... .......... .         100% 19.3M=0.04s

2020-11-10 18:43:43 (21.9 MB/s) - ‘./docs/Decimal-BookItalic.svg’ saved [964579/964579]

--2020-11-10 18:43:43--  https://buildbackbetter.com/wp-content/themes/transition/assets/fonts/Decimal-BookItalic.woff
Reusing existing connection to buildbackbetter.com:443.
HTTP request sent, awaiting response... 200 OK
Length: 62056 (61K) [application/font-woff]
Saving to: ‘./docs/Decimal-BookItalic.woff’

     0K .......... .......... .......... .......... .......... 82% 18.0M 0s
    50K ..........                                            100%  162M=0.003s

2020-11-10 18:43:43 (21.3 MB/s) - ‘./docs/Decimal-BookItalic.woff’ saved [62056/62056]

--2020-11-10 18:43:43--  https://buildbackbetter.com/wp-content/themes/transition/assets/fonts/Decimal-BookItalic.woff2
Reusing existing connection to buildbackbetter.com:443.
HTTP request sent, awaiting response... 200 OK
Length: 44464 (43K) [application/font-woff2]
Saving to: ‘./docs/Decimal-BookItalic.woff2’

     0K .......... .......... .......... .......... ...       100% 65.7M=0.001s

2020-11-10 18:43:43 (65.7 MB/s) - ‘./docs/Decimal-BookItalic.woff2’ saved [44464/44464]

--2020-11-10 18:43:43--  https://buildbackbetter.com/wp-content/themes/transition/assets/fonts/Decimal-Semibold.svg
Reusing existing connection to buildbackbetter.com:443.
HTTP request sent, awaiting response... 200 OK
Length: 744688 (727K) [image/svg+xml]
Saving to: ‘./docs/Decimal-Semibold.svg’

     0K .......... .......... .......... .......... ..........  6% 55.2M 0s
    50K .......... .......... .......... .......... .......... 13% 40.4M 0s
   100K .......... .......... .......... .......... .......... 20% 20.5M 0s
   150K .......... .......... .......... .......... .......... 27% 17.5M 0s
   200K .......... .......... .......... .......... .......... 34%  137M 0s
   250K .......... .......... .......... .......... .......... 41% 4.02M 0s
   300K .......... .......... .......... .......... .......... 48% 35.4M 0s
   350K .......... .......... .......... .......... .......... 55% 26.9M 0s
   400K .......... .......... .......... .......... .......... 61% 18.9M 0s
   450K .......... .......... .......... .......... .......... 68% 52.7M 0s
   500K .......... .......... .......... .......... .......... 75% 42.3M 0s
   550K .......... .......... .......... .......... .......... 82% 22.8M 0s
   600K .......... .......... .......... .......... .......... 89% 46.2M 0s
   650K .......... .......... .......... .......... .......... 96% 23.3M 0s
   700K .......... .......... .......                         100% 23.0M=0.03s

2020-11-10 18:43:43 (20.8 MB/s) - ‘./docs/Decimal-Semibold.svg’ saved [744688/744688]

--2020-11-10 18:43:43--  https://buildbackbetter.com/wp-content/themes/transition/assets/fonts/Decimal-Semibold.woff
Reusing existing connection to buildbackbetter.com:443.
HTTP request sent, awaiting response... 200 OK
Length: 53624 (52K) [application/font-woff]
Saving to: ‘./docs/Decimal-Semibold.woff’

     0K .......... .......... .......... .......... .......... 95% 73.4M 0s
    50K ..                                                    100% 47.3K=0.001s

2020-11-10 18:43:43 (76.9 MB/s) - ‘./docs/Decimal-Semibold.woff’ saved [53624/53624]

--2020-11-10 18:43:43--  https://buildbackbetter.com/wp-content/themes/transition/assets/fonts/Decimal-Semibold.woff2
Reusing existing connection to buildbackbetter.com:443.
HTTP request sent, awaiting response... 200 OK
Length: 38624 (38K) [application/font-woff2]
Saving to: ‘./docs/Decimal-Semibold.woff2’

     0K .......... .......... .......... .......              100% 36.3M=0.001s

2020-11-10 18:43:43 (36.3 MB/s) - ‘./docs/Decimal-Semibold.woff2’ saved [38624/38624]

--2020-11-10 18:43:43--  https://buildbackbetter.com/wp-content/themes/transition/assets/fonts/Decimal-SemiboldItalic.svg
Reusing existing connection to buildbackbetter.com:443.
HTTP request sent, awaiting response... 200 OK
Length: 785268 (767K) [image/svg+xml]
Saving to: ‘./docs/Decimal-SemiboldItalic.svg’

     0K .......... .......... .......... .......... ..........  6% 19.4M 0s
    50K .......... .......... .......... .......... .......... 13% 71.7M 0s
   100K .......... .......... .......... .......... .......... 19% 32.3M 0s
   150K .......... .......... .......... .......... .......... 26% 22.1M 0s
   200K .......... .......... .......... .......... .......... 32% 27.4M 0s
   250K .......... .......... .......... .......... .......... 39% 4.46M 0s
   300K .......... .......... .......... .......... .......... 45% 24.6M 0s
   350K .......... .......... .......... .......... .......... 52% 25.8M 0s
   400K .......... .......... .......... .......... .......... 58% 18.4M 0s
   450K .......... .......... .......... .......... .......... 65% 30.8M 0s
   500K .......... .......... .......... .......... .......... 71% 4.45M 0s
   550K .......... .......... .......... .......... .......... 78% 24.5M 0s
   600K .......... .......... .......... .......... .......... 84% 22.6M 0s
   650K .......... .......... .......... .......... .......... 91% 56.0M 0s
   700K .......... .......... .......... .......... .......... 97% 16.3M 0s
   750K .......... ......                                     100% 45.1M=0.05s

2020-11-10 18:43:43 (15.9 MB/s) - ‘./docs/Decimal-SemiboldItalic.svg’ saved [785268/785268]

--2020-11-10 18:43:43--  https://buildbackbetter.com/wp-content/themes/transition/assets/fonts/Decimal-SemiboldItalic.woff
Reusing existing connection to buildbackbetter.com:443.
HTTP request sent, awaiting response... 200 OK
Length: 55468 (54K) [application/font-woff]
Saving to: ‘./docs/Decimal-SemiboldItalic.woff’

     0K .......... .......... .......... .......... .......... 92% 25.8M 0s
    50K ....                                                  100% 83.4K=0.002s

2020-11-10 18:43:43 (27.9 MB/s) - ‘./docs/Decimal-SemiboldItalic.woff’ saved [55468/55468]

--2020-11-10 18:43:43--  https://buildbackbetter.com/wp-content/themes/transition/assets/fonts/Decimal-SemiboldItalic.woff2
Reusing existing connection to buildbackbetter.com:443.
HTTP request sent, awaiting response... 200 OK
Length: 40084 (39K) [application/font-woff2]
Saving to: ‘./docs/Decimal-SemiboldItalic.woff2’

     0K .......... .......... .......... .........            100% 43.7M=0.001s

2020-11-10 18:43:43 (43.7 MB/s) - ‘./docs/Decimal-SemiboldItalic.woff2’ saved [40084/40084]

--2020-11-10 18:43:43--  https://buildbackbetter.com/wp-content/themes/transition/assets/fonts/Decimal-Bold.svg
Reusing existing connection to buildbackbetter.com:443.
HTTP request sent, awaiting response... 200 OK
Length: 888976 (868K) [image/svg+xml]
Saving to: ‘./docs/Decimal-Bold.svg’

     0K .......... .......... .......... .......... ..........  5% 30.2M 0s
    50K .......... .......... .......... .......... .......... 11% 23.8M 0s
   100K .......... .......... .......... .......... .......... 17% 23.1M 0s
   150K .......... .......... .......... .......... .......... 23% 24.5M 0s
   200K .......... .......... .......... .......... .......... 28% 21.4M 0s
   250K .......... .......... .......... .......... .......... 34% 32.4M 0s
   300K .......... .......... .......... .......... .......... 40% 6.10M 0s
   350K .......... .......... .......... .......... .......... 46% 36.6M 0s
   400K .......... .......... .......... .......... .......... 51% 17.0M 0s
   450K .......... .......... .......... .......... .......... 57% 45.9M 0s
   500K .......... .......... .......... .......... .......... 63% 22.8M 0s
   550K .......... .......... .......... .......... .......... 69% 39.2M 0s
   600K .......... .......... .......... .......... .......... 74% 29.0M 0s
   650K .......... .......... .......... .......... .......... 80% 23.9M 0s
   700K .......... .......... .......... .......... .......... 86% 30.7M 0s
   750K .......... .......... .......... .......... .......... 92% 19.3M 0s
   800K .......... .......... .......... .......... .......... 97% 18.0M 0s
   850K .......... ........                                   100%  177M=0.04s

2020-11-10 18:43:43 (21.8 MB/s) - ‘./docs/Decimal-Bold.svg’ saved [888976/888976]

--2020-11-10 18:43:43--  https://buildbackbetter.com/wp-content/themes/transition/assets/fonts/Decimal-Bold.woff
Reusing existing connection to buildbackbetter.com:443.
HTTP request sent, awaiting response... 200 OK
Length: 60312 (59K) [application/font-woff]
Saving to: ‘./docs/Decimal-Bold.woff’

     0K .......... .......... .......... .......... .......... 84% 33.0M 0s
    50K ........                                              100% 86.0M=0.002s

2020-11-10 18:43:43 (36.4 MB/s) - ‘./docs/Decimal-Bold.woff’ saved [60312/60312]

--2020-11-10 18:43:43--  https://buildbackbetter.com/wp-content/themes/transition/assets/fonts/Decimal-Bold.woff2
Reusing existing connection to buildbackbetter.com:443.
HTTP request sent, awaiting response... 200 OK
Length: 43304 (42K) [application/font-woff2]
Saving to: ‘./docs/Decimal-Bold.woff2’

     0K .......... .......... .......... .......... ..        100% 25.2M=0.002s

2020-11-10 18:43:43 (25.2 MB/s) - ‘./docs/Decimal-Bold.woff2’ saved [43304/43304]

--2020-11-10 18:43:43--  https://buildbackbetter.com/wp-content/themes/transition/assets/fonts/Decimal-BoldItalic.svg
Reusing existing connection to buildbackbetter.com:443.
HTTP request sent, awaiting response... 200 OK
Length: 918207 (897K) [image/svg+xml]
Saving to: ‘./docs/Decimal-BoldItalic.svg’

     0K .......... .......... .......... .......... ..........  5% 42.0M 0s
    50K .......... .......... .......... .......... .......... 11% 19.6M 0s
   100K .......... .......... .......... .......... .......... 16% 44.4M 0s
   150K .......... .......... .......... .......... .......... 22% 25.2M 0s
   200K .......... .......... .......... .......... .......... 27% 21.0M 0s
   250K .......... .......... .......... .......... .......... 33% 38.9M 0s
   300K .......... .......... .......... .......... .......... 39% 33.5M 0s
   350K .......... .......... .......... .......... .......... 44% 21.2M 0s
   400K .......... .......... .......... .......... .......... 50% 18.1M 0s
   450K .......... .......... .......... .......... .......... 55% 55.2M 0s
   500K .......... .......... .......... .......... .......... 61% 20.8M 0s
   550K .......... .......... .......... .......... .......... 66% 54.8M 0s
   600K .......... .......... .......... .......... .......... 72% 19.4M 0s
   650K .......... .......... .......... .......... .......... 78% 17.8M 0s
   700K .......... .......... .......... .......... .......... 83% 6.38M 0s
   750K .......... .......... .......... .......... .......... 89% 24.0M 0s
   800K .......... .......... .......... .......... .......... 94% 17.1M 0s
   850K .......... .......... .......... .......... ......    100% 35.5M=0.04s

2020-11-10 18:43:43 (21.9 MB/s) - ‘./docs/Decimal-BoldItalic.svg’ saved [918207/918207]

--2020-11-10 18:43:43--  https://buildbackbetter.com/wp-content/themes/transition/assets/fonts/Decimal-BoldItalic.woff
Reusing existing connection to buildbackbetter.com:443.
HTTP request sent, awaiting response... 200 OK
Length: 61692 (60K) [application/font-woff]
Saving to: ‘./docs/Decimal-BoldItalic.woff’

     0K .......... .......... .......... .......... .......... 82% 23.2M 0s
    50K ..........                                            100%  176M=0.002s

2020-11-10 18:43:43 (27.3 MB/s) - ‘./docs/Decimal-BoldItalic.woff’ saved [61692/61692]

--2020-11-10 18:43:43--  https://buildbackbetter.com/wp-content/themes/transition/assets/fonts/Decimal-BoldItalic.woff2
Reusing existing connection to buildbackbetter.com:443.
HTTP request sent, awaiting response... 200 OK
Length: 44912 (44K) [application/font-woff2]
Saving to: ‘./docs/Decimal-BoldItalic.woff2’

     0K .......... .......... .......... .......... ...       100%  109M=0s

2020-11-10 18:43:43 (109 MB/s) - ‘./docs/Decimal-BoldItalic.woff2’ saved [44912/44912]

--2020-11-10 18:43:43--  https://buildbackbetter.com/wp-content/mu-plugins/jetpack-9.0/modules/carousel/images/arrows.png
Reusing existing connection to buildbackbetter.com:443.
HTTP request sent, awaiting response... 200 OK
Length: 4529 (4.4K) [image/png]
Saving to: ‘./docs/arrows.png’

     0K ....                                                  100%  617M=0s

2020-11-10 18:43:43 (617 MB/s) - ‘./docs/arrows.png’ saved [4529/4529]

--2020-11-10 18:43:43--  https://buildbackbetter.com/wp-content/mu-plugins/jetpack-9.0/modules/carousel/images/arrows-2x.png
Reusing existing connection to buildbackbetter.com:443.
HTTP request sent, awaiting response... 200 OK
Length: 10063 (9.8K) [image/png]
Saving to: ‘./docs/arrows-2x.png’

     0K .........                                             100%  118M=0s

2020-11-10 18:43:43 (118 MB/s) - ‘./docs/arrows-2x.png’ saved [10063/10063]

--2020-11-10 18:43:43--  https://buildbackbetter.com/wp-content/mu-plugins/jetpack-9.0/modules/carousel/images/carousel-sprite.png?5
Reusing existing connection to buildbackbetter.com:443.
HTTP request sent, awaiting response... 200 OK
Length: 1318 (1.3K) [image/png]
Saving to: ‘./docs/carousel-sprite.png?5’

     0K .                                                     100%  157M=0s

2020-11-10 18:43:43 (157 MB/s) - ‘./docs/carousel-sprite.png?5’ saved [1318/1318]

--2020-11-10 18:43:43--  https://buildbackbetter.com/wp-content/mu-plugins/jetpack-9.0/modules/carousel/images/carousel-sprite-2x.png?5
Reusing existing connection to buildbackbetter.com:443.
HTTP request sent, awaiting response... 200 OK
Length: 2076 (2.0K) [image/png]
Saving to: ‘./docs/carousel-sprite-2x.png?5’

     0K ..                                                    100%  132M=0s

2020-11-10 18:43:43 (132 MB/s) - ‘./docs/carousel-sprite-2x.png?5’ saved [2076/2076]

--2020-11-10 18:43:43--  https://buildbackbetter.com/wp-content/mu-plugins/jetpack-9.0/modules/shortcodes/img/slideshow-controls.png
Reusing existing connection to buildbackbetter.com:443.
HTTP request sent, awaiting response... 200 OK
Length: 1009 [image/png]
Saving to: ‘./docs/slideshow-controls.png’

     0K                                                       100% 35.6M=0s

2020-11-10 18:43:43 (35.6 MB/s) - ‘./docs/slideshow-controls.png’ saved [1009/1009]

--2020-11-10 18:43:43--  https://buildbackbetter.com/wp-content/mu-plugins/jetpack-9.0/modules/shortcodes/img/slideshow-controls-2x.png
Reusing existing connection to buildbackbetter.com:443.
HTTP request sent, awaiting response... 200 OK
Length: 1944 (1.9K) [image/png]
Saving to: ‘./docs/slideshow-controls-2x.png’

     0K .                                                     100%  232M=0s

2020-11-10 18:43:43 (232 MB/s) - ‘./docs/slideshow-controls-2x.png’ saved [1944/1944]

--2020-11-10 18:43:43--  https://buildbackbetter.com/wp-content/mu-plugins/jetpack-9.0/modules/shortcodes/images/slide-nav.png
Reusing existing connection to buildbackbetter.com:443.
HTTP request sent, awaiting response... 200 OK
Length: 5704 (5.6K) [image/png]
Saving to: ‘./docs/slide-nav.png’

     0K .....                                                 100%  680M=0s

2020-11-10 18:43:43 (680 MB/s) - ‘./docs/slide-nav.png’ saved [5704/5704]

--2020-11-10 18:43:43--  https://buildbackbetter.com/wp-content/mu-plugins/jetpack-9.0/modules/shortcodes/images/expand.png
Reusing existing connection to buildbackbetter.com:443.
HTTP request sent, awaiting response... 200 OK
Length: 2039 (2.0K) [image/png]
Saving to: ‘./docs/expand.png’

     0K .                                                     100% 92.6M=0s

2020-11-10 18:43:43 (92.6 MB/s) - ‘./docs/expand.png’ saved [2039/2039]

--2020-11-10 18:43:43--  https://buildbackbetter.com/wp-content/mu-plugins/jetpack-9.0/modules/shortcodes/images/collapse.png
Reusing existing connection to buildbackbetter.com:443.
HTTP request sent, awaiting response... 200 OK
Length: 2072 (2.0K) [image/png]
Saving to: ‘./docs/collapse.png’

     0K ..                                                    100%  282M=0s

2020-11-10 18:43:43 (282 MB/s) - ‘./docs/collapse.png’ saved [2072/2072]

--2020-11-10 18:43:43--  https://buildbackbetter.com/wp-includes/fonts/dashicons.eot?99ac726223c749443b642ce33df8b800
Reusing existing connection to buildbackbetter.com:443.
HTTP request sent, awaiting response... 200 OK
Length: 56564 (55K) [application/vnd.ms-fontobject]
Saving to: ‘./docs/dashicons.eot?99ac726223c749443b642ce33df8b800’

     0K .......... .......... .......... .......... .......... 90%  129M 0s
    50K .....                                                 100%  105K=0s

2020-11-10 18:43:43 (142 MB/s) - ‘./docs/dashicons.eot?99ac726223c749443b642ce33df8b800’ saved [56564/56564]

--2020-11-10 18:43:43--  https://buildbackbetter.com/wp-includes/fonts/dashicons.ttf?99ac726223c749443b642ce33df8b800
Reusing existing connection to buildbackbetter.com:443.
HTTP request sent, awaiting response... 200 OK
Length: 56392 (55K) [application/font-ttf]
Saving to: ‘./docs/dashicons.ttf?99ac726223c749443b642ce33df8b800’

     0K .......... .......... .......... .......... .......... 90% 33.7M 0s
    50K .....                                                 100%  101K=0.001s

2020-11-10 18:43:43 (37.1 MB/s) - ‘./docs/dashicons.ttf?99ac726223c749443b642ce33df8b800’ saved [56392/56392]

--2020-11-10 18:43:43--  https://buildbackbetter.com/wp-content/plugins/ninja-forms/assets/img/help-info.png
Reusing existing connection to buildbackbetter.com:443.
HTTP request sent, awaiting response... 200 OK
Length: 310 [image/png]
Saving to: ‘./docs/help-info.png’

     0K                                                       100% 37.0M=0s

2020-11-10 18:43:44 (37.0 MB/s) - ‘./docs/help-info.png’ saved [310/310]

FINISHED --2020-11-10 18:43:44--
Total wall clock time: 1.6s
Downloaded: 53 files, 10M in 0.5s (18.6 MB/s)
Converting links in ./docs/index.html... 9-4
Converting links in ./docs/index.html??%2Fwp-content%2Fthemes%2Ftransition%2Fassets%2Fcss%2Fstyle.min.css,%2Fwp-content%2Fmu-plugins%2Fjetpack-9.0%2Fcss%2Fjetpack.css?m=1604962559.css... 45-0
Converting links in ./docs/index.html??%2Fwp-includes%2Fcss%2Fdashicons.min.css,%2Fwp-content%2Fplugins%2Fninja-forms%2Fassets%2Fcss%2Fdisplay-structure.css?m=1604341762.css... 4-0
Converted links in 3 files in 0.009 seconds.
